#
# There is insufficient memory for the Java Runtime Environment to continue.
# Native memory allocation (malloc) failed to allocate 1048576 bytes for AllocateHeap
# Possible reasons:
#   The system is out of physical RAM or swap space
#   In 32 bit mode, the process size limit was hit
# Possible solutions:
#   Reduce memory load on the system
#   Increase physical memory or swap space
#   Check if swap backing store is full
#   Use 64 bit Java on a 64 bit OS
#   Decrease Java heap size (-Xmx/-Xms)
#   Decrease number of Java threads
#   Decrease Java thread stack sizes (-Xss)
#   Set larger code cache with -XX:ReservedCodeCacheSize=
# This output file may be truncated or incomplete.
#
#  Out of Memory Error (memory/allocation.inline.hpp:61), pid=5568, tid=6708
#
# JRE version:  (8.0_91-b14) (build )
# Java VM: Java HotSpot(TM) 64-Bit Server VM (25.91-b14 mixed mode windows-amd64 compressed oops)
# Failed to write core dump. Minidumps are not enabled by default on client versions of Windows
#

---------------  T H R E A D  ---------------

Current thread (0x0000000002fde800):  JavaThread "Unknown thread" [_thread_in_vm, id=6708, stack(0x0000000002e30000,0x0000000002f30000)]

Stack: [0x0000000002e30000,0x0000000002f30000]
[error occurred during error reporting (printing stack bounds), id 0xc0000005]

Native frames: (J=compiled Java code, j=interpreted, Vv=VM code, C=native code)


---------------  P R O C E S S  ---------------

Java Threads: ( => current thread )

Other Threads:

=>0x0000000002fde800 (exited) JavaThread "Unknown thread" [_thread_in_vm, id=6708, stack(0x0000000002e30000,0x0000000002f30000)]

VM state:not at safepoint (normal execution)

VM Mutex/Monitor currently owned by a thread: None

Heap:
 PSYoungGen      total 18944K, used 327K [0x00000000eb400000, 0x00000000ec900000, 0x0000000100000000)
  eden space 16384K, 2% used [0x00000000eb400000,0x00000000eb451ec8,0x00000000ec400000)
  from space 2560K, 0% used [0x00000000ec680000,0x00000000ec680000,0x00000000ec900000)
  to   space 2560K, 0% used [0x00000000ec400000,0x00000000ec400000,0x00000000ec680000)
 ParOldGen       total 44032K, used 0K [0x00000000c1c00000, 0x00000000c4700000, 0x00000000eb400000)
  object space 44032K, 0% used [0x00000000c1c00000,0x00000000c1c00000,0x00000000c4700000)
 Metaspace       used 769K, capacity 4480K, committed 4480K, reserved 1056768K
  class space    used 75K, capacity 384K, committed 384K, reserved 1048576K

Card table byte_map: [0x00000000124a0000,0x00000000126a0000] byte_map_base: 0x0000000011e92000

Marking Bits: (ParMarkBitMap*) 0x0000000077f72f70
 Begin Bits: [0x0000000012bf0000, 0x0000000013b80000)
 End Bits:   [0x0000000013b80000, 0x0000000014b10000)

Polling page: 0x0000000002de0000

CodeCache: size=245760Kb used=328Kb max_used=328Kb free=245431Kb
 bounds [0x00000000030e0000, 0x0000000003350000, 0x00000000120e0000]
 total_blobs=58 nmethods=0 adapters=38
 compilation: enabled

Compilation events (0 events):
No events

GC Heap History (0 events):
No events

Deoptimization events (0 events):
No events

Internal exceptions (0 events):
No events

Events (10 events):
Event: 0.502 loading class java/lang/Short
Event: 0.502 loading class java/lang/Short done
Event: 0.502 loading class java/lang/Integer
Event: 0.502 loading class java/lang/Integer done
Event: 0.502 loading class java/lang/Long
Event: 0.502 loading class java/lang/Long done
Event: 0.504 loading class java/lang/NullPointerException
Event: 0.505 loading class java/lang/NullPointerException done
Event: 0.505 loading class java/lang/ArithmeticException
Event: 0.505 loading class java/lang/ArithmeticException done


Dynamic libraries:
0x00007ff635d50000 - 0x00007ff635d87000 	C:\Program Files\Java\jdk1.8.0_91\bin\java.exe
0x00007ffb60eb0000 - 0x00007ffb61071000 	C:\WINDOWS\SYSTEM32\ntdll.dll
0x00007ffb5e890000 - 0x00007ffb5e93d000 	C:\WINDOWS\system32\KERNEL32.DLL
0x00007ffb5d700000 - 0x00007ffb5d8e8000 	C:\WINDOWS\system32\KERNELBASE.dll
0x00007ffb60380000 - 0x00007ffb60427000 	C:\WINDOWS\system32\ADVAPI32.dll
0x00007ffb5fea0000 - 0x00007ffb5ff3d000 	C:\WINDOWS\system32\msvcrt.dll
0x00007ffb60980000 - 0x00007ffb609db000 	C:\WINDOWS\system32\sechost.dll
0x00007ffb60430000 - 0x00007ffb6054c000 	C:\WINDOWS\system32\RPCRT4.dll
0x00007ffb5ff40000 - 0x00007ffb60096000 	C:\WINDOWS\system32\USER32.dll
0x00007ffb60a40000 - 0x00007ffb60bc6000 	C:\WINDOWS\system32\GDI32.dll
0x00007ffb4d0f0000 - 0x00007ffb4d364000 	C:\WINDOWS\WinSxS\amd64_microsoft.windows.common-controls_6595b64144ccf1df_6.0.10586.589_none_a2ddb3caa539acce\COMCTL32.dll
0x00007ffb5e2f0000 - 0x00007ffb5e56d000 	C:\WINDOWS\system32\combase.dll
0x00007ffb5e050000 - 0x00007ffb5e0ba000 	C:\WINDOWS\system32\bcryptPrimitives.dll
0x00007ffb5e570000 - 0x00007ffb5e5ab000 	C:\WINDOWS\system32\IMM32.DLL
0x0000000050340000 - 0x0000000050412000 	C:\Program Files\Java\jdk1.8.0_91\jre\bin\msvcr100.dll
0x0000000077760000 - 0x0000000077ff3000 	C:\Program Files\Java\jdk1.8.0_91\jre\bin\server\jvm.dll
0x00007ffb60ce0000 - 0x00007ffb60ce8000 	C:\WINDOWS\system32\PSAPI.DLL
0x00007ffb4ff90000 - 0x00007ffb4ff99000 	C:\WINDOWS\SYSTEM32\WSOCK32.dll
0x00007ffb5b280000 - 0x00007ffb5b2a3000 	C:\WINDOWS\SYSTEM32\WINMM.dll
0x00007ffb5e680000 - 0x00007ffb5e6eb000 	C:\WINDOWS\system32\WS2_32.dll
0x00007ffb4ffb0000 - 0x00007ffb4ffba000 	C:\WINDOWS\SYSTEM32\VERSION.dll
0x0000000002e00000 - 0x0000000002e2c000 	C:\WINDOWS\SYSTEM32\WINMMBASE.dll
0x00007ffb5d600000 - 0x00007ffb5d643000 	C:\WINDOWS\system32\cfgmgr32.dll
0x00000000518c0000 - 0x00000000518cf000 	C:\Program Files\Java\jdk1.8.0_91\jre\bin\verify.dll
0x0000000050310000 - 0x0000000050339000 	C:\Program Files\Java\jdk1.8.0_91\jre\bin\java.dll
0x00000000502f0000 - 0x0000000050306000 	C:\Program Files\Java\jdk1.8.0_91\jre\bin\zip.dll

VM Arguments:
jvm_args: -Didea.launcher.port=7536 -Didea.launcher.bin.path=C:\Program Files (x86)\JetBrains\IntelliJ IDEA Community Edition 2016.1.1\bin -Dfile.encoding=UTF-8 
java_command: com.intellij.rt.execution.application.AppMain com.company.Main
java_class_path (initial): C:\Program Files\Java\jdk1.8.0_91\jre\lib\charsets.jar;C:\Program Files\Java\jdk1.8.0_91\jre\lib\deploy.jar;C:\Program Files\Java\jdk1.8.0_91\jre\lib\ext\access-bridge-64.jar;C:\Program Files\Java\jdk1.8.0_91\jre\lib\ext\cldrdata.jar;C:\Program Files\Java\jdk1.8.0_91\jre\lib\ext\dnsns.jar;C:\Program Files\Java\jdk1.8.0_91\jre\lib\ext\jaccess.jar;C:\Program Files\Java\jdk1.8.0_91\jre\lib\ext\jfxrt.jar;C:\Program Files\Java\jdk1.8.0_91\jre\lib\ext\localedata.jar;C:\Program Files\Java\jdk1.8.0_91\jre\lib\ext\nashorn.jar;C:\Program Files\Java\jdk1.8.0_91\jre\lib\ext\sunec.jar;C:\Program Files\Java\jdk1.8.0_91\jre\lib\ext\sunjce_provider.jar;C:\Program Files\Java\jdk1.8.0_91\jre\lib\ext\sunmscapi.jar;C:\Program Files\Java\jdk1.8.0_91\jre\lib\ext\sunpkcs11.jar;C:\Program Files\Java\jdk1.8.0_91\jre\lib\ext\zipfs.jar;C:\Program Files\Java\jdk1.8.0_91\jre\lib\javaws.jar;C:\Program Files\Java\jdk1.8.0_91\jre\lib\jce.jar;C:\Program Files\Java\jdk1.8.0_91\jre\lib\jfr.jar;C:\Program Files\Java\jdk1.8.0_91\jre\lib\jfxswt.jar;C:\Program Files\Java\jdk1.8.0_91\jre\lib\jsse.jar;C:\Program Files\Java\jdk1.8.0_91\jre\lib\management-agent.jar;C:\Program Files\Java\jdk1.8.0_91\jre\lib\plugin.jar;C:\Program Files\Java\jdk1.8.0_91\jre\lib\resources.jar;C:\Program Files\Java\jdk1.8.0_91\jre\lib\rt.jar;C:\Users\Bogdan\Documents\GitHub\University\Numerical Analysis\PageRank\out\production\PageRank;C:\Program Files (x86)\JetBrains\IntelliJ IDEA Community Edition 2016.1.1\lib\idea_rt.jar
Launcher Type: SUN_STANDARD

Environment Variables:
PATH=C:\ProgramData\Oracle\Java\javapath;C:\Program Files (x86)\AMD APP\bin\x86_64;C:\Program Files (x86)\AMD APP\bin\x86;C:\Program Files (x86)\Intel\iCLS Client\;C:\Program Files\Intel\iCLS Client\;C:\WINDOWS\system32;C:\WINDOWS;C:\WINDOWS\System32\Wbem;C:\WINDOWS\System32\WindowsPowerShell\v1.0\;C:\Program Files\Intel\Intel(R) Management Engine Components\DAL;C:\Program Files\Intel\Intel(R) Management Engine Components\IPT;C:\Program Files (x86)\Intel\Intel(R) Management Engine Components\DAL;C:\Program Files (x86)\Intel\Intel(R) Management Engine Components\IPT;C:\Program Files (x86)\ATI Technologies\ATI.ACE\Core-Static;C:\Program Files (x86)\Intel\OpenCL SDK\3.0\bin\x86;C:\Program Files (x86)\Intel\OpenCL SDK\3.0\bin\x64;C:\Program Files (x86)\AMD\ATI.ACE\Core-Static;C:\Program Files\Microsoft SQL Server\110\Tools\Binn\;C:\WINDOWS\system32\config\systemprofile\.dnx\bin;C:\Program Files\Microsoft DNX\Dnvm\;C:\Program Files\Microsoft SQL Server\120\Tools\Binn\;C:\Program Files (x86)\Windows Kits\10\Windows Performance Toolkit\;C:\Program Files (x86)\nodejs\;C:\Program Files (x86)\Skype\Phone\;C:\Program Files (x86)\Microsoft SQL Server\110\Tools\Binn\;C:\Program Files (x86)\Microsoft SQL Server\110\DTS\Binn\;C:\Program Files\Microsoft SQL Server\Client SDK\ODBC\110\Tools\Binn\;C:\Program Files (x86)\Microsoft SQL Server\120\Tools\Binn\ManagementStudio\;C:\Program Files (x86)\Microsoft SQL Server\120\Tools\Binn\;C:\Program Files (x86)\Microsoft SQL Server\120\DTS\Binn\;C:\Program Files\Microsoft SQL Server\120\DTS\Binn\;C:\Users\Bogdan\.dnx\bin;C:\Users\Bogdan\AppData\Roaming\npm
USERNAME=Bogdan
OS=Windows_NT
PROCESSOR_IDENTIFIER=Intel64 Family 6 Model 69 Stepping 1, GenuineIntel



---------------  S Y S T E M  ---------------

OS: Windows 10.0 , 64 bit Build 10586 (10.0.10586.589)

CPU:total 4 (2 cores per cpu, 2 threads per core) family 6 model 69 stepping 1, cmov, cx8, fxsr, mmx, sse, sse2, sse3, ssse3, sse4.1, sse4.2, popcnt, avx, avx2, aes, clmul, erms, lzcnt, ht, tsc, tscinvbit, bmi1, bmi2

Memory: 4k page, physical 4075884k(652816k free), swap 4075884k(6024k free)

vm_info: Java HotSpot(TM) 64-Bit Server VM (25.91-b14) for windows-amd64 JRE (1.8.0_91-b14), built on Apr  1 2016 00:58:32 by "java_re" with MS VC++ 10.0 (VS2010)

time: Mon Nov 14 23:16:27 2016
elapsed time: 0 seconds (0d 0h 0m 0s)

